<?xml version="1.0" encoding="UTF-8"?>
<testng-results ignored="0" total="3" passed="2" failed="1" skipped="0">
  <reporter-output>
  </reporter-output>
  <suite started-at="2022-06-09T14:52:23 PKT" name="Default suite" finished-at="2022-06-09T14:52:45 PKT" duration-ms="22641">
    <groups>
    </groups>
    <test started-at="2022-06-09T14:52:23 PKT" name="Default test" finished-at="2022-06-09T14:52:45 PKT" duration-ms="22641">
      <class name="tests.HomeTests">
        <test-method is-config="true" signature="setup()[pri:0, instance:tests.HomeTests@46fa7c39]" started-at="2022-06-09T14:52:23 PKT" name="setup" finished-at="2022-06-09T14:52:31 PKT" duration-ms="8392" status="PASS">
          <reporter-output>
          </reporter-output>
        </test-method> <!-- setup -->
        <test-method signature="TestCase001()[pri:0, instance:tests.HomeTests@46fa7c39]" started-at="2022-06-09T14:52:31 PKT" name="TestCase001" finished-at="2022-06-09T14:52:31 PKT" duration-ms="10" status="FAIL">
          <exception class="java.lang.NullPointerException">
            <message>
              <![CDATA[Cannot invoke "org.openqa.selenium.support.ui.WebDriverWait.until(java.util.function.Function)" because "this.wait" is null]]>
            </message>
            <full-stacktrace>
              <![CDATA[java.lang.NullPointerException: Cannot invoke "org.openqa.selenium.support.ui.WebDriverWait.until(java.util.function.Function)" because "this.wait" is null
at pages.BasePage.waitVisibility(BasePage.java:44)
at pages.HomePage.HomePage_Method1(HomePage.java:31)
at tests.HomeTests.TestCase001(HomeTests.java:20)
at java.base/jdk.internal.reflect.NativeMethodAccessorImpl.invoke0(Native Method)
at java.base/jdk.internal.reflect.NativeMethodAccessorImpl.invoke(NativeMethodAccessorImpl.java:77)
at java.base/jdk.internal.reflect.DelegatingMethodAccessorImpl.invoke(DelegatingMethodAccessorImpl.java:43)
at java.base/java.lang.reflect.Method.invoke(Method.java:568)
at org.testng.internal.MethodInvocationHelper.invokeMethod(MethodInvocationHelper.java:134)
at org.testng.internal.TestInvoker.invokeMethod(TestInvoker.java:597)
at org.testng.internal.TestInvoker.invokeTestMethod(TestInvoker.java:173)
at org.testng.internal.MethodRunner.runInSequence(MethodRunner.java:46)
at org.testng.internal.TestInvoker$MethodInvocationAgent.invoke(TestInvoker.java:816)
at org.testng.internal.TestInvoker.invokeTestMethods(TestInvoker.java:146)
at org.testng.internal.TestMethodWorker.invokeTestMethods(TestMethodWorker.java:146)
at org.testng.internal.TestMethodWorker.run(TestMethodWorker.java:128)
at java.base/java.util.ArrayList.forEach(ArrayList.java:1511)
at org.testng.TestRunner.privateRun(TestRunner.java:766)
at org.testng.TestRunner.run(TestRunner.java:587)
at org.testng.SuiteRunner.runTest(SuiteRunner.java:384)
at org.testng.SuiteRunner.runSequentially(SuiteRunner.java:378)
at org.testng.SuiteRunner.privateRun(SuiteRunner.java:337)
at org.testng.SuiteRunner.run(SuiteRunner.java:286)
at org.testng.SuiteRunnerWorker.runSuite(SuiteRunnerWorker.java:53)
at org.testng.SuiteRunnerWorker.run(SuiteRunnerWorker.java:96)
at org.testng.TestNG.runSuitesSequentially(TestNG.java:1187)
at org.testng.TestNG.runSuitesLocally(TestNG.java:1109)
at org.testng.TestNG.runSuites(TestNG.java:1039)
at org.testng.TestNG.run(TestNG.java:1007)
at org.testng.remote.AbstractRemoteTestNG.run(AbstractRemoteTestNG.java:115)
at org.testng.remote.RemoteTestNG.initAndRun(RemoteTestNG.java:251)
at org.testng.remote.RemoteTestNG.main(RemoteTestNG.java:77)
]]>
            </full-stacktrace>
          </exception> <!-- java.lang.NullPointerException -->
          <reporter-output>
          </reporter-output>
        </test-method> <!-- TestCase001 -->
        <test-method is-config="true" signature="close()[pri:0, instance:tests.HomeTests@46fa7c39]" started-at="2022-06-09T14:52:31 PKT" name="close" finished-at="2022-06-09T14:52:31 PKT" duration-ms="502" status="PASS">
          <reporter-output>
          </reporter-output>
        </test-method> <!-- close -->
        <test-method is-config="true" signature="setup()[pri:0, instance:tests.HomeTests@46fa7c39]" started-at="2022-06-09T14:52:31 PKT" name="setup" finished-at="2022-06-09T14:52:37 PKT" duration-ms="5303" status="PASS">
          <reporter-output>
          </reporter-output>
        </test-method> <!-- setup -->
        <test-method signature="TestCase002()[pri:0, instance:tests.HomeTests@46fa7c39]" started-at="2022-06-09T14:52:37 PKT" name="TestCase002" finished-at="2022-06-09T14:52:37 PKT" duration-ms="3" status="PASS">
          <reporter-output>
          </reporter-output>
        </test-method> <!-- TestCase002 -->
        <test-method is-config="true" signature="close()[pri:0, instance:tests.HomeTests@46fa7c39]" started-at="2022-06-09T14:52:37 PKT" name="close" finished-at="2022-06-09T14:52:37 PKT" duration-ms="493" status="PASS">
          <reporter-output>
          </reporter-output>
        </test-method> <!-- close -->
        <test-method is-config="true" signature="setup()[pri:0, instance:tests.HomeTests@46fa7c39]" started-at="2022-06-09T14:52:37 PKT" name="setup" finished-at="2022-06-09T14:52:45 PKT" duration-ms="7557" status="PASS">
          <reporter-output>
          </reporter-output>
        </test-method> <!-- setup -->
        <test-method signature="TestCase003()[pri:0, instance:tests.HomeTests@46fa7c39]" started-at="2022-06-09T14:52:45 PKT" name="TestCase003" finished-at="2022-06-09T14:52:45 PKT" duration-ms="2" status="PASS">
          <reporter-output>
          </reporter-output>
        </test-method> <!-- TestCase003 -->
        <test-method is-config="true" signature="close()[pri:0, instance:tests.HomeTests@46fa7c39]" started-at="2022-06-09T14:52:45 PKT" name="close" finished-at="2022-06-09T14:52:45 PKT" duration-ms="324" status="PASS">
          <reporter-output>
          </reporter-output>
        </test-method> <!-- close -->
      </class> <!-- tests.HomeTests -->
    </test> <!-- Default test -->
  </suite> <!-- Default suite -->
</testng-results>
